<?xml version="1.0" encoding="UTF-8"?>
<TestRun id="f11de6f1-eb5c-4077-bb20-92bddb6f697e" name="benmc@LUMEDX154 2009-07-27 16:48:57" runUser="GOOFY\benmc" xmlns="http://microsoft.com/schemas/VisualStudio/TeamTest/2006">
  <TestRunConfiguration name="Local Test Run" id="ce2c6e4b-c764-40be-b176-e92bc2e3b22c">
    <Description>This is a default test run configuration for a local test run.</Description>
    <Deployment runDeploymentRoot="C:\TeamSystem\CardioPACS\Source\BattleSim\TestResults\benmc_LUMEDX154 2009-07-27 16_48_57">
      <DeploymentItem filename="C:\TeamSystem\CardioPACS\Source\BattleSim\BattleSim\bin\Debug\BattleSim.exe" />
    </Deployment>
    <TestTypeSpecific />
  </TestRunConfiguration>
  <ResultSummary outcome="Error">
    <Counters total="1" executed="1" error="0" failed="0" timeout="0" aborted="1" inconclusive="0" passedButRunAborted="0" notRunnable="0" notExecuted="0" disconnected="0" warning="0" passed="0" completed="0" inProgress="0" pending="0" />
    <RunInfos>
      <RunInfo computerName="LUMEDX154" outcome="Error" timestamp="2009-07-27T16:49:12.7321093-07:00">
        <Text>Test host process exited unexpectedly.</Text>
      </RunInfo>
    </RunInfos>
  </ResultSummary>
  <Times creation="2009-07-27T16:48:57.2013563-07:00" queuing="2009-07-27T16:48:59.0294228-07:00" start="2009-07-27T16:48:59.2325413-07:00" finish="2009-07-27T16:49:12.7321093-07:00" />
  <TestDefinitions>
    <UnitTest name="TestAttack" storage="c:\teamsystem\cardiopacs\source\battlesim\battletests\bin\debug\battletests.dll" id="f050a9c6-daf1-2f4c-6604-8b19a588a406">
      <Css projectStructure="" iteration="" />
      <Owners>
        <Owner name="" />
      </Owners>
      <Execution id="91d432ac-88a5-4877-9d46-ce545c967a39" />
      <TestMethod codeBase="C:\TeamSystem\CardioPACS\Source\BattleSim\BattleTests\bin\Debug\BattleTests.dll" adapterTypeName="Microsoft.VisualStudio.TestTools.TestTypes.Unit.UnitTestAdapter, Microsoft.VisualStudio.QualityTools.Tips.UnitTest.Adapter, Version=9.0.0.0, Culture=neutral, PublicKeyToken=b03f5f7f11d50a3a" className="BattleTests.HumanTests, BattleTests" name="TestAttack" />
    </UnitTest>
  </TestDefinitions>
  <TestLists>
    <TestList name="Results Not in a List" id="8c84fa94-04c1-424b-9868-57a2d4851a1d" />
    <TestList name="All Loaded Results" id="19431567-8539-422a-85d7-44ee4e166bda" />
  </TestLists>
  <TestEntries>
    <TestEntry testId="f050a9c6-daf1-2f4c-6604-8b19a588a406" executionId="be8207c6-e170-4565-be11-190c221cbb71" testListId="8c84fa94-04c1-424b-9868-57a2d4851a1d" />
  </TestEntries>
  <Results>
    <UnitTestResult executionId="be8207c6-e170-4565-be11-190c221cbb71" testId="f050a9c6-daf1-2f4c-6604-8b19a588a406" testName="TestAttack" computerName="LUMEDX154" duration="00:00:13.3433230" startTime="2009-07-27T16:48:59.3887863-07:00" endTime="2009-07-27T16:49:12.7321093-07:00" testType="13cdc9d9-ddb5-4fa4-a97d-d965ccfc6d4b" outcome="Aborted" testListId="8c84fa94-04c1-424b-9868-57a2d4851a1d">
    </UnitTestResult>
  </Results>
</TestRun>