<?xml version="1.0" encoding="UTF-8"?>
<TestRun id="a5a9a267-e1c2-4244-9a1e-2b0d5cadedbb" name="benmc@LUMEDX154 2009-07-27 22:01:33" runUser="GOOFY\benmc" xmlns="http://microsoft.com/schemas/VisualStudio/TeamTest/2006">
  <TestRunConfiguration name="Local Test Run" id="ce2c6e4b-c764-40be-b176-e92bc2e3b22c">
    <Description>This is a default test run configuration for a local test run.</Description>
    <Deployment runDeploymentRoot="C:\TeamSystem\CardioPACS\Source\BattleSim\TestResults\benmc_LUMEDX154 2009-07-27 22_01_33">
      <DeploymentItem filename="C:\TeamSystem\CardioPACS\Source\BattleSim\BattleSim\bin\Debug\BattleSim.exe" />
    </Deployment>
    <TestTypeSpecific />
  </TestRunConfiguration>
  <ResultSummary outcome="Completed">
    <Counters total="1" executed="1" passed="1" error="0" failed="0" timeout="0" aborted="0" inconclusive="0" passedButRunAborted="0" notRunnable="0" notExecuted="0" disconnected="0" warning="0" completed="0" inProgress="0" pending="0" />
  </ResultSummary>
  <Times creation="2009-07-27T22:01:33.9963383-07:00" queuing="2009-07-27T22:01:35.6994088-07:00" start="2009-07-27T22:01:35.9181518-07:00" finish="2009-07-28T04:33:04.6977368-07:00" />
  <TestDefinitions>
    <UnitTest name="TestAttack" storage="c:\teamsystem\cardiopacs\source\battlesim\battletests\bin\debug\battletests.dll" id="f050a9c6-daf1-2f4c-6604-8b19a588a406">
      <Css projectStructure="" iteration="" />
      <Owners>
        <Owner name="" />
      </Owners>
      <Execution id="2b111f14-0b5b-4c97-aea0-bd183e27af69" />
      <TestMethod codeBase="C:\TeamSystem\CardioPACS\Source\BattleSim\BattleTests\bin\Debug\BattleTests.dll" adapterTypeName="Microsoft.VisualStudio.TestTools.TestTypes.Unit.UnitTestAdapter, Microsoft.VisualStudio.QualityTools.Tips.UnitTest.Adapter, Version=9.0.0.0, Culture=neutral, PublicKeyToken=b03f5f7f11d50a3a" className="BattleTests.HumanTests, BattleTests" name="TestAttack" />
    </UnitTest>
  </TestDefinitions>
  <TestLists>
    <TestList name="Results Not in a List" id="8c84fa94-04c1-424b-9868-57a2d4851a1d" />
    <TestList name="All Loaded Results" id="19431567-8539-422a-85d7-44ee4e166bda" />
  </TestLists>
  <TestEntries>
    <TestEntry testId="f050a9c6-daf1-2f4c-6604-8b19a588a406" executionId="2b111f14-0b5b-4c97-aea0-bd183e27af69" testListId="8c84fa94-04c1-424b-9868-57a2d4851a1d" />
  </TestEntries>
  <Results>
    <UnitTestResult executionId="2b111f14-0b5b-4c97-aea0-bd183e27af69" testId="f050a9c6-daf1-2f4c-6604-8b19a588a406" testName="TestAttack" computerName="LUMEDX154" duration="06:31:27.2628664" startTime="2009-07-27T22:01:36.0900213-07:00" endTime="2009-07-28T04:33:04.5102428-07:00" testType="13cdc9d9-ddb5-4fa4-a97d-d965ccfc6d4b" outcome="Passed" testListId="8c84fa94-04c1-424b-9868-57a2d4851a1d">
      <Output>
        <StdOut>Sir Cedric has been instantiated!
Standard hit for 7
Standard hit for 13
Big wiff.
Big wiff.
Big wiff.
Big wiff.
Big wiff.
Big wiff.
Big wiff.
Big wiff.</StdOut>
      </Output>
    </UnitTestResult>
  </Results>
</TestRun>